The system is: Linux - 3.16.0-2-ARCH - i686
Compiling the C compiler identification source file "CMakeCCompilerId.c" succeeded.
Compiler: /usr/bin/cc 
Build flags: 
Id flags: 

The output was:
0


Compilation of the C compiler identification source "CMakeCCompilerId.c" produced "a.out"

The C compiler identification is GNU, found in "/home/f_x_p/code-online/CodeTricks/protobuf/build/CMakeFiles/3.0.1/CompilerIdC/a.out"

Compiling the CXX compiler identification source file "CMakeCXXCompilerId.cpp" succeeded.
Compiler: /usr/bin/c++ 
Build flags: 
Id flags: 

The output was:
0


Compilation of the CXX compiler identification source "CMakeCXXCompilerId.cpp" produced "a.out"

The CXX compiler identification is GNU, found in "/home/f_x_p/code-online/CodeTricks/protobuf/build/CMakeFiles/3.0.1/CompilerIdCXX/a.out"

Determining if the C compiler works passed with the following output:
Change Dir: /home/f_x_p/code-online/CodeTricks/protobuf/build/CMakeFiles/CMakeTmp

Run Build Command:"/usr/bin/make" "cmTryCompileExec492281152/fast"
/usr/bin/make -f CMakeFiles/cmTryCompileExec492281152.dir/build.make CMakeFiles/cmTryCompileExec492281152.dir/build
make[1]: Entering directory '/home/f_x_p/code-online/CodeTricks/protobuf/build/CMakeFiles/CMakeTmp'
/usr/bin/cmake -E cmake_progress_report /home/f_x_p/code-online/CodeTricks/protobuf/build/CMakeFiles/CMakeTmp/CMakeFiles 1
Building C object CMakeFiles/cmTryCompileExec492281152.dir/testCCompiler.c.o
/usr/bin/cc    -o CMakeFiles/cmTryCompileExec492281152.dir/testCCompiler.c.o   -c /home/f_x_p/code-online/CodeTricks/protobuf/build/CMakeFiles/CMakeTmp/testCCompiler.c
Linking C executable cmTryCompileExec492281152
/usr/bin/cmake -E cmake_link_script CMakeFiles/cmTryCompileExec492281152.dir/link.txt --verbose=1
/usr/bin/cc       CMakeFiles/cmTryCompileExec492281152.dir/testCCompiler.c.o  -o cmTryCompileExec492281152 -rdynamic 
make[1]: Leaving directory '/home/f_x_p/code-online/CodeTricks/protobuf/build/CMakeFiles/CMakeTmp'


Detecting C compiler ABI info compiled with the following output:
Change Dir: /home/f_x_p/code-online/CodeTricks/protobuf/build/CMakeFiles/CMakeTmp

Run Build Command:"/usr/bin/make" "cmTryCompileExec1225535456/fast"
/usr/bin/make -f CMakeFiles/cmTryCompileExec1225535456.dir/build.make CMakeFiles/cmTryCompileExec1225535456.dir/build
make[1]: Entering directory '/home/f_x_p/code-online/CodeTricks/protobuf/build/CMakeFiles/CMakeTmp'
/usr/bin/cmake -E cmake_progress_report /home/f_x_p/code-online/CodeTricks/protobuf/build/CMakeFiles/CMakeTmp/CMakeFiles 1
Building C object CMakeFiles/cmTryCompileExec1225535456.dir/CMakeCCompilerABI.c.o
/usr/bin/cc    -o CMakeFiles/cmTryCompileExec1225535456.dir/CMakeCCompilerABI.c.o   -c /usr/share/cmake-3.0/Modules/CMakeCCompilerABI.c
Linking C executable cmTryCompileExec1225535456
/usr/bin/cmake -E cmake_link_script CMakeFiles/cmTryCompileExec1225535456.dir/link.txt --verbose=1
/usr/bin/cc     -v CMakeFiles/cmTryCompileExec1225535456.dir/CMakeCCompilerABI.c.o  -o cmTryCompileExec1225535456 -rdynamic  
使用内建 specs。
COLLECT_GCC=/usr/bin/cc
COLLECT_LTO_WRAPPER=/usr/lib/gcc/i686-pc-linux-gnu/4.9.1/lto-wrapper
目标：i686-pc-linux-gnu
配置为：/build/gcc/src/gcc-4.9.1/configure --prefix=/usr --libdir=/usr/lib --libexecdir=/usr/lib --mandir=/usr/share/man --infodir=/usr/share/info --with-bugurl=https://bugs.archlinux.org/ --enable-languages=c,c++,ada,fortran,go,lto,objc,obj-c++ --enable-shared --enable-threads=posix --with-system-zlib --enable-__cxa_atexit --disable-libunwind-exceptions --enable-clocale=gnu --disable-libstdcxx-pch --disable-libssp --enable-gnu-unique-object --enable-linker-build-id --enable-cloog-backend=isl --disable-isl-version-check --disable-cloog-version-check --enable-lto --enable-plugin --enable-install-libiberty --with-linker-hash-style=gnu --disable-multilib --disable-werror --enable-checking=release
线程模型：posix
gcc 版本 4.9.1 (GCC) 
COMPILER_PATH=/usr/lib/gcc/i686-pc-linux-gnu/4.9.1/:/usr/lib/gcc/i686-pc-linux-gnu/4.9.1/:/usr/lib/gcc/i686-pc-linux-gnu/:/usr/lib/gcc/i686-pc-linux-gnu/4.9.1/:/usr/lib/gcc/i686-pc-linux-gnu/
LIBRARY_PATH=/usr/lib/gcc/i686-pc-linux-gnu/4.9.1/:/usr/lib/gcc/i686-pc-linux-gnu/4.9.1/../../../:/lib/:/usr/lib/
COLLECT_GCC_OPTIONS='-v' '-o' 'cmTryCompileExec1225535456' '-rdynamic' '-mtune=generic' '-march=pentiumpro'
 /usr/lib/gcc/i686-pc-linux-gnu/4.9.1/collect2 -plugin /usr/lib/gcc/i686-pc-linux-gnu/4.9.1/liblto_plugin.so -plugin-opt=/usr/lib/gcc/i686-pc-linux-gnu/4.9.1/lto-wrapper -plugin-opt=-fresolution=/tmp/ccnaTt0Z.res -plugin-opt=-pass-through=-lgcc -plugin-opt=-pass-through=-lgcc_s -plugin-opt=-pass-through=-lc -plugin-opt=-pass-through=-lgcc -plugin-opt=-pass-through=-lgcc_s --build-id --eh-frame-hdr --hash-style=gnu -m elf_i386 -export-dynamic -dynamic-linker /lib/ld-linux.so.2 -o cmTryCompileExec1225535456 /usr/lib/gcc/i686-pc-linux-gnu/4.9.1/../../../crt1.o /usr/lib/gcc/i686-pc-linux-gnu/4.9.1/../../../crti.o /usr/lib/gcc/i686-pc-linux-gnu/4.9.1/crtbegin.o -L/usr/lib/gcc/i686-pc-linux-gnu/4.9.1 -L/usr/lib/gcc/i686-pc-linux-gnu/4.9.1/../../.. CMakeFiles/cmTryCompileExec1225535456.dir/CMakeCCompilerABI.c.o -lgcc --as-needed -lgcc_s --no-as-needed -lc -lgcc --as-needed -lgcc_s --no-as-needed /usr/lib/gcc/i686-pc-linux-gnu/4.9.1/crtend.o /usr/lib/gcc/i686-pc-linux-gnu/4.9.1/../../../crtn.o
make[1]: Leaving directory '/home/f_x_p/code-online/CodeTricks/protobuf/build/CMakeFiles/CMakeTmp'


Parsed C implicit link information from above output:
  link line regex: [^( *|.*[/\])(ld|([^/\]+-)?ld|collect2)[^/\]*( |$)]
  ignore line: [Change Dir: /home/f_x_p/code-online/CodeTricks/protobuf/build/CMakeFiles/CMakeTmp]
  ignore line: []
  ignore line: [Run Build Command:"/usr/bin/make" "cmTryCompileExec1225535456/fast"]
  ignore line: [/usr/bin/make -f CMakeFiles/cmTryCompileExec1225535456.dir/build.make CMakeFiles/cmTryCompileExec1225535456.dir/build]
  ignore line: [make[1]: Entering directory '/home/f_x_p/code-online/CodeTricks/protobuf/build/CMakeFiles/CMakeTmp']
  ignore line: [/usr/bin/cmake -E cmake_progress_report /home/f_x_p/code-online/CodeTricks/protobuf/build/CMakeFiles/CMakeTmp/CMakeFiles 1]
  ignore line: [Building C object CMakeFiles/cmTryCompileExec1225535456.dir/CMakeCCompilerABI.c.o]
  ignore line: [/usr/bin/cc    -o CMakeFiles/cmTryCompileExec1225535456.dir/CMakeCCompilerABI.c.o   -c /usr/share/cmake-3.0/Modules/CMakeCCompilerABI.c]
  ignore line: [Linking C executable cmTryCompileExec1225535456]
  ignore line: [/usr/bin/cmake -E cmake_link_script CMakeFiles/cmTryCompileExec1225535456.dir/link.txt --verbose=1]
  ignore line: [/usr/bin/cc     -v CMakeFiles/cmTryCompileExec1225535456.dir/CMakeCCompilerABI.c.o  -o cmTryCompileExec1225535456 -rdynamic  ]
  ignore line: [使用内建 specs。]
  ignore line: [COLLECT_GCC=/usr/bin/cc]
  ignore line: [COLLECT_LTO_WRAPPER=/usr/lib/gcc/i686-pc-linux-gnu/4.9.1/lto-wrapper]
  ignore line: [目标：i686-pc-linux-gnu]
  ignore line: [配置为：/build/gcc/src/gcc-4.9.1/configure --prefix=/usr --libdir=/usr/lib --libexecdir=/usr/lib --mandir=/usr/share/man --infodir=/usr/share/info --with-bugurl=https://bugs.archlinux.org/ --enable-languages=c,c++,ada,fortran,go,lto,objc,obj-c++ --enable-shared --enable-threads=posix --with-system-zlib --enable-__cxa_atexit --disable-libunwind-exceptions --enable-clocale=gnu --disable-libstdcxx-pch --disable-libssp --enable-gnu-unique-object --enable-linker-build-id --enable-cloog-backend=isl --disable-isl-version-check --disable-cloog-version-check --enable-lto --enable-plugin --enable-install-libiberty --with-linker-hash-style=gnu --disable-multilib --disable-werror --enable-checking=release]
  ignore line: [线程模型：posix]
  ignore line: [gcc 版本 4.9.1 (GCC) ]
  ignore line: [COMPILER_PATH=/usr/lib/gcc/i686-pc-linux-gnu/4.9.1/:/usr/lib/gcc/i686-pc-linux-gnu/4.9.1/:/usr/lib/gcc/i686-pc-linux-gnu/:/usr/lib/gcc/i686-pc-linux-gnu/4.9.1/:/usr/lib/gcc/i686-pc-linux-gnu/]
  ignore line: [LIBRARY_PATH=/usr/lib/gcc/i686-pc-linux-gnu/4.9.1/:/usr/lib/gcc/i686-pc-linux-gnu/4.9.1/../../../:/lib/:/usr/lib/]
  ignore line: [COLLECT_GCC_OPTIONS='-v' '-o' 'cmTryCompileExec1225535456' '-rdynamic' '-mtune=generic' '-march=pentiumpro']
  link line: [ /usr/lib/gcc/i686-pc-linux-gnu/4.9.1/collect2 -plugin /usr/lib/gcc/i686-pc-linux-gnu/4.9.1/liblto_plugin.so -plugin-opt=/usr/lib/gcc/i686-pc-linux-gnu/4.9.1/lto-wrapper -plugin-opt=-fresolution=/tmp/ccnaTt0Z.res -plugin-opt=-pass-through=-lgcc -plugin-opt=-pass-through=-lgcc_s -plugin-opt=-pass-through=-lc -plugin-opt=-pass-through=-lgcc -plugin-opt=-pass-through=-lgcc_s --build-id --eh-frame-hdr --hash-style=gnu -m elf_i386 -export-dynamic -dynamic-linker /lib/ld-linux.so.2 -o cmTryCompileExec1225535456 /usr/lib/gcc/i686-pc-linux-gnu/4.9.1/../../../crt1.o /usr/lib/gcc/i686-pc-linux-gnu/4.9.1/../../../crti.o /usr/lib/gcc/i686-pc-linux-gnu/4.9.1/crtbegin.o -L/usr/lib/gcc/i686-pc-linux-gnu/4.9.1 -L/usr/lib/gcc/i686-pc-linux-gnu/4.9.1/../../.. CMakeFiles/cmTryCompileExec1225535456.dir/CMakeCCompilerABI.c.o -lgcc --as-needed -lgcc_s --no-as-needed -lc -lgcc --as-needed -lgcc_s --no-as-needed /usr/lib/gcc/i686-pc-linux-gnu/4.9.1/crtend.o /usr/lib/gcc/i686-pc-linux-gnu/4.9.1/../../../crtn.o]
    arg [/usr/lib/gcc/i686-pc-linux-gnu/4.9.1/collect2] ==> ignore
    arg [-plugin] ==> ignore
    arg [/usr/lib/gcc/i686-pc-linux-gnu/4.9.1/liblto_plugin.so] ==> ignore
    arg [-plugin-opt=/usr/lib/gcc/i686-pc-linux-gnu/4.9.1/lto-wrapper] ==> ignore
    arg [-plugin-opt=-fresolution=/tmp/ccnaTt0Z.res] ==> ignore
    arg [-plugin-opt=-pass-through=-lgcc] ==> ignore
    arg [-plugin-opt=-pass-through=-lgcc_s] ==> ignore
    arg [-plugin-opt=-pass-through=-lc] ==> ignore
    arg [-plugin-opt=-pass-through=-lgcc] ==> ignore
    arg [-plugin-opt=-pass-through=-lgcc_s] ==> ignore
    arg [--build-id] ==> ignore
    arg [--eh-frame-hdr] ==> ignore
    arg [--hash-style=gnu] ==> ignore
    arg [-m] ==> ignore
    arg [elf_i386] ==> ignore
    arg [-export-dynamic] ==> ignore
    arg [-dynamic-linker] ==> ignore
    arg [/lib/ld-linux.so.2] ==> ignore
    arg [-o] ==> ignore
    arg [cmTryCompileExec1225535456] ==> ignore
    arg [/usr/lib/gcc/i686-pc-linux-gnu/4.9.1/../../../crt1.o] ==> ignore
    arg [/usr/lib/gcc/i686-pc-linux-gnu/4.9.1/../../../crti.o] ==> ignore
    arg [/usr/lib/gcc/i686-pc-linux-gnu/4.9.1/crtbegin.o] ==> ignore
    arg [-L/usr/lib/gcc/i686-pc-linux-gnu/4.9.1] ==> dir [/usr/lib/gcc/i686-pc-linux-gnu/4.9.1]
    arg [-L/usr/lib/gcc/i686-pc-linux-gnu/4.9.1/../../..] ==> dir [/usr/lib/gcc/i686-pc-linux-gnu/4.9.1/../../..]
    arg [CMakeFiles/cmTryCompileExec1225535456.dir/CMakeCCompilerABI.c.o] ==> ignore
    arg [-lgcc] ==> lib [gcc]
    arg [--as-needed] ==> ignore
    arg [-lgcc_s] ==> lib [gcc_s]
    arg [--no-as-needed] ==> ignore
    arg [-lc] ==> lib [c]
    arg [-lgcc] ==> lib [gcc]
    arg [--as-needed] ==> ignore
    arg [-lgcc_s] ==> lib [gcc_s]
    arg [--no-as-needed] ==> ignore
    arg [/usr/lib/gcc/i686-pc-linux-gnu/4.9.1/crtend.o] ==> ignore
    arg [/usr/lib/gcc/i686-pc-linux-gnu/4.9.1/../../../crtn.o] ==> ignore
  remove lib [gcc]
  remove lib [gcc_s]
  remove lib [gcc]
  remove lib [gcc_s]
  collapse library dir [/usr/lib/gcc/i686-pc-linux-gnu/4.9.1] ==> [/usr/lib/gcc/i686-pc-linux-gnu/4.9.1]
  collapse library dir [/usr/lib/gcc/i686-pc-linux-gnu/4.9.1/../../..] ==> [/usr/lib]
  implicit libs: [c]
  implicit dirs: [/usr/lib/gcc/i686-pc-linux-gnu/4.9.1;/usr/lib]
  implicit fwks: []


Determining if the CXX compiler works passed with the following output:
Change Dir: /home/f_x_p/code-online/CodeTricks/protobuf/build/CMakeFiles/CMakeTmp

Run Build Command:"/usr/bin/make" "cmTryCompileExec1216669784/fast"
/usr/bin/make -f CMakeFiles/cmTryCompileExec1216669784.dir/build.make CMakeFiles/cmTryCompileExec1216669784.dir/build
make[1]: Entering directory '/home/f_x_p/code-online/CodeTricks/protobuf/build/CMakeFiles/CMakeTmp'
/usr/bin/cmake -E cmake_progress_report /home/f_x_p/code-online/CodeTricks/protobuf/build/CMakeFiles/CMakeTmp/CMakeFiles 1
Building CXX object CMakeFiles/cmTryCompileExec1216669784.dir/testCXXCompiler.cxx.o
/usr/bin/c++     -o CMakeFiles/cmTryCompileExec1216669784.dir/testCXXCompiler.cxx.o -c /home/f_x_p/code-online/CodeTricks/protobuf/build/CMakeFiles/CMakeTmp/testCXXCompiler.cxx
Linking CXX executable cmTryCompileExec1216669784
/usr/bin/cmake -E cmake_link_script CMakeFiles/cmTryCompileExec1216669784.dir/link.txt --verbose=1
/usr/bin/c++        CMakeFiles/cmTryCompileExec1216669784.dir/testCXXCompiler.cxx.o  -o cmTryCompileExec1216669784 -rdynamic 
make[1]: Leaving directory '/home/f_x_p/code-online/CodeTricks/protobuf/build/CMakeFiles/CMakeTmp'


Detecting CXX compiler ABI info compiled with the following output:
Change Dir: /home/f_x_p/code-online/CodeTricks/protobuf/build/CMakeFiles/CMakeTmp

Run Build Command:"/usr/bin/make" "cmTryCompileExec3870911522/fast"
/usr/bin/make -f CMakeFiles/cmTryCompileExec3870911522.dir/build.make CMakeFiles/cmTryCompileExec3870911522.dir/build
make[1]: Entering directory '/home/f_x_p/code-online/CodeTricks/protobuf/build/CMakeFiles/CMakeTmp'
/usr/bin/cmake -E cmake_progress_report /home/f_x_p/code-online/CodeTricks/protobuf/build/CMakeFiles/CMakeTmp/CMakeFiles 1
Building CXX object CMakeFiles/cmTryCompileExec3870911522.dir/CMakeCXXCompilerABI.cpp.o
/usr/bin/c++     -o CMakeFiles/cmTryCompileExec3870911522.dir/CMakeCXXCompilerABI.cpp.o -c /usr/share/cmake-3.0/Modules/CMakeCXXCompilerABI.cpp
Linking CXX executable cmTryCompileExec3870911522
/usr/bin/cmake -E cmake_link_script CMakeFiles/cmTryCompileExec3870911522.dir/link.txt --verbose=1
/usr/bin/c++      -v CMakeFiles/cmTryCompileExec3870911522.dir/CMakeCXXCompilerABI.cpp.o  -o cmTryCompileExec3870911522 -rdynamic  
使用内建 specs。
COLLECT_GCC=/usr/bin/c++
COLLECT_LTO_WRAPPER=/usr/lib/gcc/i686-pc-linux-gnu/4.9.1/lto-wrapper
目标：i686-pc-linux-gnu
配置为：/build/gcc/src/gcc-4.9.1/configure --prefix=/usr --libdir=/usr/lib --libexecdir=/usr/lib --mandir=/usr/share/man --infodir=/usr/share/info --with-bugurl=https://bugs.archlinux.org/ --enable-languages=c,c++,ada,fortran,go,lto,objc,obj-c++ --enable-shared --enable-threads=posix --with-system-zlib --enable-__cxa_atexit --disable-libunwind-exceptions --enable-clocale=gnu --disable-libstdcxx-pch --disable-libssp --enable-gnu-unique-object --enable-linker-build-id --enable-cloog-backend=isl --disable-isl-version-check --disable-cloog-version-check --enable-lto --enable-plugin --enable-install-libiberty --with-linker-hash-style=gnu --disable-multilib --disable-werror --enable-checking=release
线程模型：posix
gcc 版本 4.9.1 (GCC) 
COMPILER_PATH=/usr/lib/gcc/i686-pc-linux-gnu/4.9.1/:/usr/lib/gcc/i686-pc-linux-gnu/4.9.1/:/usr/lib/gcc/i686-pc-linux-gnu/:/usr/lib/gcc/i686-pc-linux-gnu/4.9.1/:/usr/lib/gcc/i686-pc-linux-gnu/
LIBRARY_PATH=/usr/lib/gcc/i686-pc-linux-gnu/4.9.1/:/usr/lib/gcc/i686-pc-linux-gnu/4.9.1/../../../:/lib/:/usr/lib/
COLLECT_GCC_OPTIONS='-v' '-o' 'cmTryCompileExec3870911522' '-rdynamic' '-shared-libgcc' '-mtune=generic' '-march=pentiumpro'
 /usr/lib/gcc/i686-pc-linux-gnu/4.9.1/collect2 -plugin /usr/lib/gcc/i686-pc-linux-gnu/4.9.1/liblto_plugin.so -plugin-opt=/usr/lib/gcc/i686-pc-linux-gnu/4.9.1/lto-wrapper -plugin-opt=-fresolution=/tmp/ccz35KLt.res -plugin-opt=-pass-through=-lgcc_s -plugin-opt=-pass-through=-lgcc -plugin-opt=-pass-through=-lc -plugin-opt=-pass-through=-lgcc_s -plugin-opt=-pass-through=-lgcc --build-id --eh-frame-hdr --hash-style=gnu -m elf_i386 -export-dynamic -dynamic-linker /lib/ld-linux.so.2 -o cmTryCompileExec3870911522 /usr/lib/gcc/i686-pc-linux-gnu/4.9.1/../../../crt1.o /usr/lib/gcc/i686-pc-linux-gnu/4.9.1/../../../crti.o /usr/lib/gcc/i686-pc-linux-gnu/4.9.1/crtbegin.o -L/usr/lib/gcc/i686-pc-linux-gnu/4.9.1 -L/usr/lib/gcc/i686-pc-linux-gnu/4.9.1/../../.. CMakeFiles/cmTryCompileExec3870911522.dir/CMakeCXXCompilerABI.cpp.o -lstdc++ -lm -lgcc_s -lgcc -lc -lgcc_s -lgcc /usr/lib/gcc/i686-pc-linux-gnu/4.9.1/crtend.o /usr/lib/gcc/i686-pc-linux-gnu/4.9.1/../../../crtn.o
make[1]: Leaving directory '/home/f_x_p/code-online/CodeTricks/protobuf/build/CMakeFiles/CMakeTmp'


Parsed CXX implicit link information from above output:
  link line regex: [^( *|.*[/\])(ld|([^/\]+-)?ld|collect2)[^/\]*( |$)]
  ignore line: [Change Dir: /home/f_x_p/code-online/CodeTricks/protobuf/build/CMakeFiles/CMakeTmp]
  ignore line: []
  ignore line: [Run Build Command:"/usr/bin/make" "cmTryCompileExec3870911522/fast"]
  ignore line: [/usr/bin/make -f CMakeFiles/cmTryCompileExec3870911522.dir/build.make CMakeFiles/cmTryCompileExec3870911522.dir/build]
  ignore line: [make[1]: Entering directory '/home/f_x_p/code-online/CodeTricks/protobuf/build/CMakeFiles/CMakeTmp']
  ignore line: [/usr/bin/cmake -E cmake_progress_report /home/f_x_p/code-online/CodeTricks/protobuf/build/CMakeFiles/CMakeTmp/CMakeFiles 1]
  ignore line: [Building CXX object CMakeFiles/cmTryCompileExec3870911522.dir/CMakeCXXCompilerABI.cpp.o]
  ignore line: [/usr/bin/c++     -o CMakeFiles/cmTryCompileExec3870911522.dir/CMakeCXXCompilerABI.cpp.o -c /usr/share/cmake-3.0/Modules/CMakeCXXCompilerABI.cpp]
  ignore line: [Linking CXX executable cmTryCompileExec3870911522]
  ignore line: [/usr/bin/cmake -E cmake_link_script CMakeFiles/cmTryCompileExec3870911522.dir/link.txt --verbose=1]
  ignore line: [/usr/bin/c++      -v CMakeFiles/cmTryCompileExec3870911522.dir/CMakeCXXCompilerABI.cpp.o  -o cmTryCompileExec3870911522 -rdynamic  ]
  ignore line: [使用内建 specs。]
  ignore line: [COLLECT_GCC=/usr/bin/c++]
  ignore line: [COLLECT_LTO_WRAPPER=/usr/lib/gcc/i686-pc-linux-gnu/4.9.1/lto-wrapper]
  ignore line: [目标：i686-pc-linux-gnu]
  ignore line: [配置为：/build/gcc/src/gcc-4.9.1/configure --prefix=/usr --libdir=/usr/lib --libexecdir=/usr/lib --mandir=/usr/share/man --infodir=/usr/share/info --with-bugurl=https://bugs.archlinux.org/ --enable-languages=c,c++,ada,fortran,go,lto,objc,obj-c++ --enable-shared --enable-threads=posix --with-system-zlib --enable-__cxa_atexit --disable-libunwind-exceptions --enable-clocale=gnu --disable-libstdcxx-pch --disable-libssp --enable-gnu-unique-object --enable-linker-build-id --enable-cloog-backend=isl --disable-isl-version-check --disable-cloog-version-check --enable-lto --enable-plugin --enable-install-libiberty --with-linker-hash-style=gnu --disable-multilib --disable-werror --enable-checking=release]
  ignore line: [线程模型：posix]
  ignore line: [gcc 版本 4.9.1 (GCC) ]
  ignore line: [COMPILER_PATH=/usr/lib/gcc/i686-pc-linux-gnu/4.9.1/:/usr/lib/gcc/i686-pc-linux-gnu/4.9.1/:/usr/lib/gcc/i686-pc-linux-gnu/:/usr/lib/gcc/i686-pc-linux-gnu/4.9.1/:/usr/lib/gcc/i686-pc-linux-gnu/]
  ignore line: [LIBRARY_PATH=/usr/lib/gcc/i686-pc-linux-gnu/4.9.1/:/usr/lib/gcc/i686-pc-linux-gnu/4.9.1/../../../:/lib/:/usr/lib/]
  ignore line: [COLLECT_GCC_OPTIONS='-v' '-o' 'cmTryCompileExec3870911522' '-rdynamic' '-shared-libgcc' '-mtune=generic' '-march=pentiumpro']
  link line: [ /usr/lib/gcc/i686-pc-linux-gnu/4.9.1/collect2 -plugin /usr/lib/gcc/i686-pc-linux-gnu/4.9.1/liblto_plugin.so -plugin-opt=/usr/lib/gcc/i686-pc-linux-gnu/4.9.1/lto-wrapper -plugin-opt=-fresolution=/tmp/ccz35KLt.res -plugin-opt=-pass-through=-lgcc_s -plugin-opt=-pass-through=-lgcc -plugin-opt=-pass-through=-lc -plugin-opt=-pass-through=-lgcc_s -plugin-opt=-pass-through=-lgcc --build-id --eh-frame-hdr --hash-style=gnu -m elf_i386 -export-dynamic -dynamic-linker /lib/ld-linux.so.2 -o cmTryCompileExec3870911522 /usr/lib/gcc/i686-pc-linux-gnu/4.9.1/../../../crt1.o /usr/lib/gcc/i686-pc-linux-gnu/4.9.1/../../../crti.o /usr/lib/gcc/i686-pc-linux-gnu/4.9.1/crtbegin.o -L/usr/lib/gcc/i686-pc-linux-gnu/4.9.1 -L/usr/lib/gcc/i686-pc-linux-gnu/4.9.1/../../.. CMakeFiles/cmTryCompileExec3870911522.dir/CMakeCXXCompilerABI.cpp.o -lstdc++ -lm -lgcc_s -lgcc -lc -lgcc_s -lgcc /usr/lib/gcc/i686-pc-linux-gnu/4.9.1/crtend.o /usr/lib/gcc/i686-pc-linux-gnu/4.9.1/../../../crtn.o]
    arg [/usr/lib/gcc/i686-pc-linux-gnu/4.9.1/collect2] ==> ignore
    arg [-plugin] ==> ignore
    arg [/usr/lib/gcc/i686-pc-linux-gnu/4.9.1/liblto_plugin.so] ==> ignore
    arg [-plugin-opt=/usr/lib/gcc/i686-pc-linux-gnu/4.9.1/lto-wrapper] ==> ignore
    arg [-plugin-opt=-fresolution=/tmp/ccz35KLt.res] ==> ignore
    arg [-plugin-opt=-pass-through=-lgcc_s] ==> ignore
    arg [-plugin-opt=-pass-through=-lgcc] ==> ignore
    arg [-plugin-opt=-pass-through=-lc] ==> ignore
    arg [-plugin-opt=-pass-through=-lgcc_s] ==> ignore
    arg [-plugin-opt=-pass-through=-lgcc] ==> ignore
    arg [--build-id] ==> ignore
    arg [--eh-frame-hdr] ==> ignore
    arg [--hash-style=gnu] ==> ignore
    arg [-m] ==> ignore
    arg [elf_i386] ==> ignore
    arg [-export-dynamic] ==> ignore
    arg [-dynamic-linker] ==> ignore
    arg [/lib/ld-linux.so.2] ==> ignore
    arg [-o] ==> ignore
    arg [cmTryCompileExec3870911522] ==> ignore
    arg [/usr/lib/gcc/i686-pc-linux-gnu/4.9.1/../../../crt1.o] ==> ignore
    arg [/usr/lib/gcc/i686-pc-linux-gnu/4.9.1/../../../crti.o] ==> ignore
    arg [/usr/lib/gcc/i686-pc-linux-gnu/4.9.1/crtbegin.o] ==> ignore
    arg [-L/usr/lib/gcc/i686-pc-linux-gnu/4.9.1] ==> dir [/usr/lib/gcc/i686-pc-linux-gnu/4.9.1]
    arg [-L/usr/lib/gcc/i686-pc-linux-gnu/4.9.1/../../..] ==> dir [/usr/lib/gcc/i686-pc-linux-gnu/4.9.1/../../..]
    arg [CMakeFiles/cmTryCompileExec3870911522.dir/CMakeCXXCompilerABI.cpp.o] ==> ignore
    arg [-lstdc++] ==> lib [stdc++]
    arg [-lm] ==> lib [m]
    arg [-lgcc_s] ==> lib [gcc_s]
    arg [-lgcc] ==> lib [gcc]
    arg [-lc] ==> lib [c]
    arg [-lgcc_s] ==> lib [gcc_s]
    arg [-lgcc] ==> lib [gcc]
    arg [/usr/lib/gcc/i686-pc-linux-gnu/4.9.1/crtend.o] ==> ignore
    arg [/usr/lib/gcc/i686-pc-linux-gnu/4.9.1/../../../crtn.o] ==> ignore
  remove lib [gcc_s]
  remove lib [gcc]
  remove lib [gcc_s]
  remove lib [gcc]
  collapse library dir [/usr/lib/gcc/i686-pc-linux-gnu/4.9.1] ==> [/usr/lib/gcc/i686-pc-linux-gnu/4.9.1]
  collapse library dir [/usr/lib/gcc/i686-pc-linux-gnu/4.9.1/../../..] ==> [/usr/lib]
  implicit libs: [stdc++;m;c]
  implicit dirs: [/usr/lib/gcc/i686-pc-linux-gnu/4.9.1;/usr/lib]
  implicit fwks: []


Determining if files pthread.h exist passed with the following output:
Change Dir: /home/f_x_p/code-online/CodeTricks/protobuf/build/CMakeFiles/CMakeTmp

Run Build Command:"/usr/bin/make" "cmTryCompileExec3125658161/fast"
/usr/bin/make -f CMakeFiles/cmTryCompileExec3125658161.dir/build.make CMakeFiles/cmTryCompileExec3125658161.dir/build
make[1]: Entering directory '/home/f_x_p/code-online/CodeTricks/protobuf/build/CMakeFiles/CMakeTmp'
/usr/bin/cmake -E cmake_progress_report /home/f_x_p/code-online/CodeTricks/protobuf/build/CMakeFiles/CMakeTmp/CMakeFiles 1
Building C object CMakeFiles/cmTryCompileExec3125658161.dir/CheckIncludeFiles.c.o
/usr/bin/cc    -o CMakeFiles/cmTryCompileExec3125658161.dir/CheckIncludeFiles.c.o   -c /home/f_x_p/code-online/CodeTricks/protobuf/build/CMakeFiles/CMakeTmp/CheckIncludeFiles.c
Linking C executable cmTryCompileExec3125658161
/usr/bin/cmake -E cmake_link_script CMakeFiles/cmTryCompileExec3125658161.dir/link.txt --verbose=1
/usr/bin/cc       CMakeFiles/cmTryCompileExec3125658161.dir/CheckIncludeFiles.c.o  -o cmTryCompileExec3125658161 -rdynamic 
make[1]: Leaving directory '/home/f_x_p/code-online/CodeTricks/protobuf/build/CMakeFiles/CMakeTmp'


Determining if the function pthread_create exists in the pthread passed with the following output:
Change Dir: /home/f_x_p/code-online/CodeTricks/protobuf/build/CMakeFiles/CMakeTmp

Run Build Command:"/usr/bin/make" "cmTryCompileExec785351268/fast"
/usr/bin/make -f CMakeFiles/cmTryCompileExec785351268.dir/build.make CMakeFiles/cmTryCompileExec785351268.dir/build
make[1]: Entering directory '/home/f_x_p/code-online/CodeTricks/protobuf/build/CMakeFiles/CMakeTmp'
/usr/bin/cmake -E cmake_progress_report /home/f_x_p/code-online/CodeTricks/protobuf/build/CMakeFiles/CMakeTmp/CMakeFiles 1
Building C object CMakeFiles/cmTryCompileExec785351268.dir/CheckFunctionExists.c.o
/usr/bin/cc   -DCHECK_FUNCTION_EXISTS=pthread_create   -o CMakeFiles/cmTryCompileExec785351268.dir/CheckFunctionExists.c.o   -c /usr/share/cmake-3.0/Modules/CheckFunctionExists.c
Linking C executable cmTryCompileExec785351268
/usr/bin/cmake -E cmake_link_script CMakeFiles/cmTryCompileExec785351268.dir/link.txt --verbose=1
/usr/bin/cc   -DCHECK_FUNCTION_EXISTS=pthread_create    CMakeFiles/cmTryCompileExec785351268.dir/CheckFunctionExists.c.o  -o cmTryCompileExec785351268 -rdynamic -lpthread 
make[1]: Leaving directory '/home/f_x_p/code-online/CodeTricks/protobuf/build/CMakeFiles/CMakeTmp'


